  [1m[35m (671.5ms)[0m  [1m[35mCREATE DATABASE "ttp_stock_project_development" ENCODING = 'unicode'[0m
  ↳ bin/rails:9
  [1m[35m (480.1ms)[0m  [1m[35mCREATE DATABASE "ttp_stock_project_test" ENCODING = 'unicode'[0m
  ↳ bin/rails:9
Started GET "/" for ::1 at 2020-02-18 14:30:38 -0500
Processing by Rails::WelcomeController#index as HTML
  Rendering /Library/Ruby/Gems/2.6.0/gems/railties-5.2.4.1/lib/rails/templates/rails/welcome/index.html.erb
  Rendered /Library/Ruby/Gems/2.6.0/gems/railties-5.2.4.1/lib/rails/templates/rails/welcome/index.html.erb (4.2ms)
Completed 200 OK in 13ms (Views: 10.7ms | ActiveRecord: 0.0ms)


Started GET "/" for ::1 at 2020-02-18 14:31:20 -0500
Processing by StaticPagesController#root as HTML
  Rendering static_pages/root.html.erb within layouts/application
  Rendered static_pages/root.html.erb within layouts/application (0.5ms)
Completed 200 OK in 2369ms (Views: 2368.7ms | ActiveRecord: 0.0ms)


Started GET "/" for ::1 at 2020-02-18 14:32:04 -0500
Processing by StaticPagesController#root as HTML
  Rendering static_pages/root.html.erb within layouts/application
  Rendered static_pages/root.html.erb within layouts/application (1.4ms)
Completed 200 OK in 812ms (Views: 812.3ms | ActiveRecord: 0.0ms)


Started GET "/" for ::1 at 2020-02-18 14:35:17 -0500
Processing by StaticPagesController#root as HTML
  Rendering static_pages/root.html.erb within layouts/application
  Rendered static_pages/root.html.erb within layouts/application (0.3ms)
Completed 200 OK in 752ms (Views: 751.7ms | ActiveRecord: 0.0ms)


Started GET "/" for ::1 at 2020-02-18 14:37:32 -0500
Processing by StaticPagesController#root as HTML
  Rendering static_pages/root.html.erb within layouts/application
  Rendered static_pages/root.html.erb within layouts/application (0.4ms)
Completed 200 OK in 25ms (Views: 24.6ms | ActiveRecord: 0.0ms)


  [1m[35m (45.5ms)[0m  [1m[35mCREATE TABLE "schema_migrations" ("version" character varying NOT NULL PRIMARY KEY)[0m
  ↳ bin/rails:9
  [1m[35m (27.3ms)[0m  [1m[35mCREATE TABLE "ar_internal_metadata" ("key" character varying NOT NULL PRIMARY KEY, "value" character varying, "created_at" timestamp NOT NULL, "updated_at" timestamp NOT NULL)[0m
  ↳ bin/rails:9
  [1m[35m (0.9ms)[0m  [1m[34mSELECT pg_try_advisory_lock(4266859364411878080)[0m
  ↳ bin/rails:9
  [1m[35m (0.8ms)[0m  [1m[34mSELECT "schema_migrations"."version" FROM "schema_migrations" ORDER BY "schema_migrations"."version" ASC[0m
  ↳ bin/rails:9
Migrating to CreateUsers (20200218200907)
  [1m[35m (0.3ms)[0m  [1m[35mBEGIN[0m
  ↳ bin/rails:9
  [1m[35m (32.4ms)[0m  [1m[35mCREATE TABLE "users" ("id" bigserial primary key, "email" character varying NOT NULL, "balance" float DEFAULT 5000.0 NOT NULL, "password_digest" character varying NOT NULL, "session_token" character varying NOT NULL, "created_at" timestamp NOT NULL, "updated_at" timestamp NOT NULL)[0m
  ↳ db/migrate/20200218200907_create_users.rb:3
  [1m[35m (2.0ms)[0m  [1m[35mCREATE UNIQUE INDEX  "index_users_on_email" ON "users"  ("email")[0m
  ↳ db/migrate/20200218200907_create_users.rb:11
  [1m[36mActiveRecord::SchemaMigration Create (1.2ms)[0m  [1m[32mINSERT INTO "schema_migrations" ("version") VALUES ($1) RETURNING "version"[0m  [["version", "20200218200907"]]
  ↳ bin/rails:9
  [1m[35m (0.8ms)[0m  [1m[35mCOMMIT[0m
  ↳ bin/rails:9
Migrating to CreateStocks (20200218202245)
  [1m[35m (5.5ms)[0m  [1m[35mBEGIN[0m
  ↳ bin/rails:9
  [1m[35m (18.1ms)[0m  [1m[35mCREATE TABLE "stocks" ("id" bigserial primary key, "name" character varying NOT NULL, "ticker" character varying NOT NULL, "created_at" timestamp NOT NULL, "updated_at" timestamp NOT NULL)[0m
  ↳ db/migrate/20200218202245_create_stocks.rb:3
  [1m[36mActiveRecord::SchemaMigration Create (0.6ms)[0m  [1m[32mINSERT INTO "schema_migrations" ("version") VALUES ($1) RETURNING "version"[0m  [["version", "20200218202245"]]
  ↳ bin/rails:9
  [1m[35m (0.8ms)[0m  [1m[35mCOMMIT[0m
  ↳ bin/rails:9
Migrating to CreateTransactions (20200218202259)
  [1m[35m (5.8ms)[0m  [1m[35mBEGIN[0m
  ↳ bin/rails:9
  [1m[35m (22.3ms)[0m  [1m[35mCREATE TABLE "transactions" ("id" bigserial primary key, "quantity" integer NOT NULL, "stock_id" integer NOT NULL, "user_id" integer NOT NULL, "price" decimal NOT NULL, "transaction_time" character varying, "created_at" timestamp NOT NULL, "updated_at" timestamp NOT NULL)[0m
  ↳ db/migrate/20200218202259_create_transactions.rb:3
  [1m[35m (1.4ms)[0m  [1m[35mCREATE  INDEX  "index_transactions_on_user_id" ON "transactions"  ("user_id")[0m
  ↳ db/migrate/20200218202259_create_transactions.rb:12
  [1m[35m (1.1ms)[0m  [1m[35mCREATE  INDEX  "index_transactions_on_stock_id" ON "transactions"  ("stock_id")[0m
  ↳ db/migrate/20200218202259_create_transactions.rb:13
  [1m[36mActiveRecord::SchemaMigration Create (0.4ms)[0m  [1m[32mINSERT INTO "schema_migrations" ("version") VALUES ($1) RETURNING "version"[0m  [["version", "20200218202259"]]
  ↳ bin/rails:9
  [1m[35m (1.1ms)[0m  [1m[35mCOMMIT[0m
  ↳ bin/rails:9
  [1m[36mActiveRecord::InternalMetadata Load (0.7ms)[0m  [1m[34mSELECT  "ar_internal_metadata".* FROM "ar_internal_metadata" WHERE "ar_internal_metadata"."key" = $1 LIMIT $2[0m  [["key", "environment"], ["LIMIT", 1]]
  ↳ bin/rails:9
  [1m[35m (0.1ms)[0m  [1m[35mBEGIN[0m
  ↳ bin/rails:9
  [1m[36mActiveRecord::InternalMetadata Create (11.4ms)[0m  [1m[32mINSERT INTO "ar_internal_metadata" ("key", "value", "created_at", "updated_at") VALUES ($1, $2, $3, $4) RETURNING "key"[0m  [["key", "environment"], ["value", "development"], ["created_at", "2020-02-18 20:29:37.984092"], ["updated_at", "2020-02-18 20:29:37.984092"]]
  ↳ bin/rails:9
  [1m[35m (0.4ms)[0m  [1m[35mCOMMIT[0m
  ↳ bin/rails:9
  [1m[35m (0.2ms)[0m  [1m[34mSELECT pg_advisory_unlock(4266859364411878080)[0m
  ↳ bin/rails:9
  [1m[35m (0.3ms)[0m  [1m[34mSELECT "schema_migrations"."version" FROM "schema_migrations" ORDER BY "schema_migrations"."version" ASC[0m
  ↳ bin/rails:9
Started GET "/" for ::1 at 2020-02-18 15:38:46 -0500
  [1m[35m (2.0ms)[0m  [1m[34mSELECT "schema_migrations"."version" FROM "schema_migrations" ORDER BY "schema_migrations"."version" ASC[0m
  ↳ /Library/Ruby/Gems/2.6.0/gems/activerecord-5.2.4.1/lib/active_record/log_subscriber.rb:98
Processing by StaticPagesController#root as HTML
  Rendering static_pages/root.html.erb within layouts/application
  Rendered static_pages/root.html.erb within layouts/application (0.3ms)
Completed 200 OK in 799ms (Views: 798.8ms | ActiveRecord: 0.0ms)


Started GET "/" for ::1 at 2020-02-18 16:17:24 -0500
Processing by StaticPagesController#root as HTML
  Rendering static_pages/root.html.erb within layouts/application
  Rendered static_pages/root.html.erb within layouts/application (0.7ms)
Completed 200 OK in 761ms (Views: 760.7ms | ActiveRecord: 0.0ms)


Started GET "/" for ::1 at 2020-02-18 16:19:50 -0500
Processing by StaticPagesController#root as HTML
  Rendering static_pages/root.html.erb within layouts/application
  Rendered static_pages/root.html.erb within layouts/application (0.4ms)
Completed 200 OK in 769ms (Views: 768.7ms | ActiveRecord: 0.0ms)


Started GET "/" for ::1 at 2020-02-18 16:20:34 -0500
Processing by StaticPagesController#root as HTML
  Rendering static_pages/root.html.erb within layouts/application
  Rendered static_pages/root.html.erb within layouts/application (0.3ms)
Completed 200 OK in 812ms (Views: 811.4ms | ActiveRecord: 0.0ms)


Started GET "/" for ::1 at 2020-02-18 16:20:56 -0500
Processing by StaticPagesController#root as HTML
  Rendering static_pages/root.html.erb within layouts/application
  Rendered static_pages/root.html.erb within layouts/application (0.5ms)
Completed 200 OK in 831ms (Views: 830.5ms | ActiveRecord: 0.0ms)


Started POST "/api/session" for ::1 at 2020-02-18 16:21:15 -0500
  
ActionController::RoutingError (No route matches [POST] "/api/session"):
  
actionpack (5.2.4.1) lib/action_dispatch/middleware/debug_exceptions.rb:65:in `call'
web-console (3.7.0) lib/web_console/middleware.rb:135:in `call_app'
web-console (3.7.0) lib/web_console/middleware.rb:30:in `block in call'
web-console (3.7.0) lib/web_console/middleware.rb:20:in `catch'
web-console (3.7.0) lib/web_console/middleware.rb:20:in `call'
actionpack (5.2.4.1) lib/action_dispatch/middleware/show_exceptions.rb:33:in `call'
railties (5.2.4.1) lib/rails/rack/logger.rb:38:in `call_app'
railties (5.2.4.1) lib/rails/rack/logger.rb:26:in `block in call'
activesupport (5.2.4.1) lib/active_support/tagged_logging.rb:71:in `block in tagged'
activesupport (5.2.4.1) lib/active_support/tagged_logging.rb:28:in `tagged'
activesupport (5.2.4.1) lib/active_support/tagged_logging.rb:71:in `tagged'
railties (5.2.4.1) lib/rails/rack/logger.rb:26:in `call'
sprockets-rails (3.2.1) lib/sprockets/rails/quiet_assets.rb:13:in `call'
actionpack (5.2.4.1) lib/action_dispatch/middleware/remote_ip.rb:81:in `call'
actionpack (5.2.4.1) lib/action_dispatch/middleware/request_id.rb:27:in `call'
rack (2.2.2) lib/rack/method_override.rb:24:in `call'
rack (2.2.2) lib/rack/runtime.rb:22:in `call'
activesupport (5.2.4.1) lib/active_support/cache/strategy/local_cache_middleware.rb:29:in `call'
actionpack (5.2.4.1) lib/action_dispatch/middleware/executor.rb:14:in `call'
actionpack (5.2.4.1) lib/action_dispatch/middleware/static.rb:127:in `call'
rack (2.2.2) lib/rack/sendfile.rb:110:in `call'
railties (5.2.4.1) lib/rails/engine.rb:524:in `call'
puma (3.12.2) lib/puma/configuration.rb:227:in `call'
puma (3.12.2) lib/puma/server.rb:674:in `handle_request'
puma (3.12.2) lib/puma/server.rb:476:in `process_client'
puma (3.12.2) lib/puma/server.rb:334:in `block in run'
puma (3.12.2) lib/puma/thread_pool.rb:135:in `block in spawn_thread'
Started GET "/" for ::1 at 2020-02-18 16:26:23 -0500
Processing by StaticPagesController#root as HTML
  Rendering static_pages/root.html.erb within layouts/application
  Rendered static_pages/root.html.erb within layouts/application (0.3ms)
Completed 200 OK in 768ms (Views: 767.4ms | ActiveRecord: 0.0ms)


Started GET "/" for ::1 at 2020-02-18 16:27:43 -0500
Processing by StaticPagesController#root as HTML
  Rendering static_pages/root.html.erb within layouts/application
  Rendered static_pages/root.html.erb within layouts/application (0.3ms)
Completed 200 OK in 787ms (Views: 786.4ms | ActiveRecord: 0.0ms)


Started GET "/" for ::1 at 2020-02-18 16:44:33 -0500
Processing by StaticPagesController#root as HTML
  Rendering static_pages/root.html.erb within layouts/application
  Rendered static_pages/root.html.erb within layouts/application (0.3ms)
Completed 200 OK in 44ms (Views: 44.1ms | ActiveRecord: 0.0ms)


Started POST "/api/user" for ::1 at 2020-02-18 16:44:47 -0500
Processing by Api::UsersController#create as JSON
  Parameters: {"user"=>{"email"=>"dschear94@gmail.com", "password"=>"[FILTERED]"}}
  [1m[35m (0.3ms)[0m  [1m[35mBEGIN[0m
  ↳ app/controllers/api/users_controller.rb:17
  [1m[36mUser Exists (1.4ms)[0m  [1m[34mSELECT  1 AS one FROM "users" WHERE "users"."email" = $1 LIMIT $2[0m  [["email", "dschear94@gmail.com"], ["LIMIT", 1]]
  ↳ app/controllers/api/users_controller.rb:17
  [1m[36mUser Exists (0.4ms)[0m  [1m[34mSELECT  1 AS one FROM "users" WHERE "users"."session_token" = $1 LIMIT $2[0m  [["session_token", "VNyW9kWm9XVvy7GkZXsHAw"], ["LIMIT", 1]]
  ↳ app/controllers/api/users_controller.rb:17
  [1m[36mUser Create (12.8ms)[0m  [1m[32mINSERT INTO "users" ("email", "password_digest", "session_token", "created_at", "updated_at") VALUES ($1, $2, $3, $4, $5) RETURNING "id"[0m  [["email", "dschear94@gmail.com"], ["password_digest", "$2a$12$.Ep.8GLubX0XEgJwrSyMtO5ok/f/pUaHJCOeRERr7xGp0oNRckEqy"], ["session_token", "VNyW9kWm9XVvy7GkZXsHAw"], ["created_at", "2020-02-18 21:45:01.398899"], ["updated_at", "2020-02-18 21:45:01.398899"]]
  ↳ app/controllers/api/users_controller.rb:17
  [1m[35m (7.9ms)[0m  [1m[35mCOMMIT[0m
  ↳ app/controllers/api/users_controller.rb:17
  [1m[35m (0.2ms)[0m  [1m[35mBEGIN[0m
  ↳ app/models/user.rb:49
  [1m[36mUser Exists (0.8ms)[0m  [1m[34mSELECT  1 AS one FROM "users" WHERE "users"."email" = $1 AND "users"."id" != $2 LIMIT $3[0m  [["email", "dschear94@gmail.com"], ["id", 1], ["LIMIT", 1]]
  ↳ app/models/user.rb:49
  [1m[36mUser Exists (0.5ms)[0m  [1m[34mSELECT  1 AS one FROM "users" WHERE "users"."session_token" = $1 AND "users"."id" != $2 LIMIT $3[0m  [["session_token", "I6kdrHMhkPOFZYM1rzF9AQ"], ["id", 1], ["LIMIT", 1]]
  ↳ app/models/user.rb:49
  [1m[36mUser Update (0.7ms)[0m  [1m[33mUPDATE "users" SET "session_token" = $1, "updated_at" = $2 WHERE "users"."id" = $3[0m  [["session_token", "I6kdrHMhkPOFZYM1rzF9AQ"], ["updated_at", "2020-02-18 21:45:01.431382"], ["id", 1]]
  ↳ app/models/user.rb:49
  [1m[35m (0.3ms)[0m  [1m[35mCOMMIT[0m
  ↳ app/models/user.rb:49
  Rendering api/users/show.json.jbuilder
  Rendered api/users/_user.json.jbuilder (0.3ms)
  Rendered api/users/show.json.jbuilder (1.2ms)
Completed 200 OK in 13946ms (Views: 3.6ms | ActiveRecord: 46.7ms)


Started GET "/" for ::1 at 2020-02-18 16:46:07 -0500
Processing by StaticPagesController#root as HTML
  Rendering static_pages/root.html.erb within layouts/application
  Rendered static_pages/root.html.erb within layouts/application (0.5ms)
Completed 200 OK in 28ms (Views: 27.4ms | ActiveRecord: 0.0ms)


Started POST "/api/session" for ::1 at 2020-02-18 16:46:19 -0500

NameError - uninitialized constant Api::SessionController:

Started POST "/api/user" for ::1 at 2020-02-18 16:46:51 -0500
Processing by Api::UsersController#create as JSON
  Parameters: {"user"=>{"email"=>"123@aol.com", "password"=>"[FILTERED]"}}
  [1m[35m (0.3ms)[0m  [1m[35mBEGIN[0m
  ↳ app/controllers/api/users_controller.rb:17
  [1m[36mUser Exists (0.4ms)[0m  [1m[34mSELECT  1 AS one FROM "users" WHERE "users"."email" = $1 LIMIT $2[0m  [["email", "123@aol.com"], ["LIMIT", 1]]
  ↳ app/controllers/api/users_controller.rb:17
  [1m[36mUser Exists (0.3ms)[0m  [1m[34mSELECT  1 AS one FROM "users" WHERE "users"."session_token" = $1 LIMIT $2[0m  [["session_token", "KG11R_TAi69KnpW78yJqIQ"], ["LIMIT", 1]]
  ↳ app/controllers/api/users_controller.rb:17
  [1m[36mUser Create (0.4ms)[0m  [1m[32mINSERT INTO "users" ("email", "password_digest", "session_token", "created_at", "updated_at") VALUES ($1, $2, $3, $4, $5) RETURNING "id"[0m  [["email", "123@aol.com"], ["password_digest", "$2a$12$woPDXxdxeUxEUhy/UtNZguXhb8d0BVDuEs7yhn1pGkA0ArWzorRl2"], ["session_token", "KG11R_TAi69KnpW78yJqIQ"], ["created_at", "2020-02-18 21:47:02.627176"], ["updated_at", "2020-02-18 21:47:02.627176"]]
  ↳ app/controllers/api/users_controller.rb:17
  [1m[35m (6.1ms)[0m  [1m[35mCOMMIT[0m
  ↳ app/controllers/api/users_controller.rb:17
  [1m[35m (0.2ms)[0m  [1m[35mBEGIN[0m
  ↳ app/models/user.rb:49
  [1m[36mUser Exists (0.4ms)[0m  [1m[34mSELECT  1 AS one FROM "users" WHERE "users"."email" = $1 AND "users"."id" != $2 LIMIT $3[0m  [["email", "123@aol.com"], ["id", 2], ["LIMIT", 1]]
  ↳ app/models/user.rb:49
  [1m[36mUser Exists (0.3ms)[0m  [1m[34mSELECT  1 AS one FROM "users" WHERE "users"."session_token" = $1 AND "users"."id" != $2 LIMIT $3[0m  [["session_token", "EaNxaiRhxjFIi9kaATqvmg"], ["id", 2], ["LIMIT", 1]]
  ↳ app/models/user.rb:49
  [1m[36mUser Update (0.4ms)[0m  [1m[33mUPDATE "users" SET "session_token" = $1, "updated_at" = $2 WHERE "users"."id" = $3[0m  [["session_token", "EaNxaiRhxjFIi9kaATqvmg"], ["updated_at", "2020-02-18 21:47:02.638103"], ["id", 2]]
  ↳ app/models/user.rb:49
  [1m[35m (5.9ms)[0m  [1m[35mCOMMIT[0m
  ↳ app/models/user.rb:49
  Rendering api/users/show.json.jbuilder
  Rendered api/users/_user.json.jbuilder (0.3ms)
  Rendered api/users/show.json.jbuilder (1.1ms)
Completed 200 OK in 10768ms (Views: 3.0ms | ActiveRecord: 14.8ms)


Started GET "/" for ::1 at 2020-02-18 18:22:33 -0500
Processing by StaticPagesController#root as HTML
  Rendering static_pages/root.html.erb within layouts/application
  Rendered static_pages/root.html.erb within layouts/application (0.3ms)
Completed 200 OK in 33ms (Views: 32.6ms | ActiveRecord: 0.0ms)


Started POST "/api/user" for ::1 at 2020-02-18 18:22:49 -0500
Processing by Api::UsersController#create as JSON
  Parameters: {"user"=>{"email"=>"1@2.com", "password"=>"[FILTERED]"}}
  [1m[35m (0.2ms)[0m  [1m[35mBEGIN[0m
  ↳ app/controllers/api/users_controller.rb:16
  [1m[36mUser Exists (1.5ms)[0m  [1m[34mSELECT  1 AS one FROM "users" WHERE "users"."email" = $1 LIMIT $2[0m  [["email", "1@2.com"], ["LIMIT", 1]]
  ↳ app/controllers/api/users_controller.rb:16
  [1m[36mUser Exists (0.4ms)[0m  [1m[34mSELECT  1 AS one FROM "users" WHERE "users"."session_token" = $1 LIMIT $2[0m  [["session_token", "jfyfrsJ8c8oookztpRSLTA"], ["LIMIT", 1]]
  ↳ app/controllers/api/users_controller.rb:16
  [1m[36mUser Create (0.7ms)[0m  [1m[32mINSERT INTO "users" ("email", "password_digest", "session_token", "created_at", "updated_at") VALUES ($1, $2, $3, $4, $5) RETURNING "id"[0m  [["email", "1@2.com"], ["password_digest", "$2a$12$dGx90JFcc3Ga3LSpNtxBwek37OlS/4DPAMH0H83ilg4Hy4XjacEQW"], ["session_token", "jfyfrsJ8c8oookztpRSLTA"], ["created_at", "2020-02-18 23:22:49.349057"], ["updated_at", "2020-02-18 23:22:49.349057"]]
  ↳ app/controllers/api/users_controller.rb:16
  [1m[35m (1.4ms)[0m  [1m[35mCOMMIT[0m
  ↳ app/controllers/api/users_controller.rb:16
  [1m[35m (0.1ms)[0m  [1m[35mBEGIN[0m
  ↳ app/models/user.rb:49
  [1m[36mUser Exists (0.8ms)[0m  [1m[34mSELECT  1 AS one FROM "users" WHERE "users"."email" = $1 AND "users"."id" != $2 LIMIT $3[0m  [["email", "1@2.com"], ["id", 3], ["LIMIT", 1]]
  ↳ app/models/user.rb:49
  [1m[36mUser Exists (0.6ms)[0m  [1m[34mSELECT  1 AS one FROM "users" WHERE "users"."session_token" = $1 AND "users"."id" != $2 LIMIT $3[0m  [["session_token", "ambw7b3i8u6jqcDNTvLGWw"], ["id", 3], ["LIMIT", 1]]
  ↳ app/models/user.rb:49
  [1m[36mUser Update (0.6ms)[0m  [1m[33mUPDATE "users" SET "session_token" = $1, "updated_at" = $2 WHERE "users"."id" = $3[0m  [["session_token", "ambw7b3i8u6jqcDNTvLGWw"], ["updated_at", "2020-02-18 23:22:49.361508"], ["id", 3]]
  ↳ app/models/user.rb:49
  [1m[35m (0.3ms)[0m  [1m[35mCOMMIT[0m
  ↳ app/models/user.rb:49
  Rendering api/users/show.json.jbuilder
  Rendered api/users/_user.json.jbuilder (0.3ms)
  Rendered api/users/show.json.jbuilder (1.6ms)
Completed 200 OK in 345ms (Views: 4.1ms | ActiveRecord: 42.6ms)


Started GET "/" for ::1 at 2020-02-18 18:22:55 -0500
Processing by StaticPagesController#root as HTML
  Rendering static_pages/root.html.erb within layouts/application
  Rendered static_pages/root.html.erb within layouts/application (0.4ms)
Completed 200 OK in 30ms (Views: 29.8ms | ActiveRecord: 0.0ms)


Started POST "/api/session" for ::1 at 2020-02-18 18:23:05 -0500
Processing by Api::SessionController#create as JSON
  Parameters: {"user"=>{"username"=>"1@2.com", "password"=>"[FILTERED]"}}
Completed 500 Internal Server Error in 37ms (ActiveRecord: 0.9ms)



PG::UndefinedColumn - ERROR:  column users.username does not exist
LINE 1: SELECT  "users".* FROM "users" WHERE "users"."username" IS N...
                                             ^
:
  app/models/user.rb:19:in `find_by_credentials'
  app/controllers/api/session_controller.rb:4:in `create'

Started GET "/" for ::1 at 2020-02-18 18:24:43 -0500
Processing by StaticPagesController#root as HTML
  Rendering static_pages/root.html.erb within layouts/application
  Rendered static_pages/root.html.erb within layouts/application (0.3ms)
Completed 200 OK in 754ms (Views: 753.4ms | ActiveRecord: 0.0ms)


Started POST "/api/session" for ::1 at 2020-02-18 18:24:52 -0500
Processing by Api::SessionController#create as JSON
  Parameters: {"user"=>{"email"=>"1@2.com", "password"=>"[FILTERED]"}}
Completed 500 Internal Server Error in 2ms (ActiveRecord: 0.0ms)



PG::UndefinedColumn - ERROR:  column users.username does not exist
LINE 1: SELECT  "users".* FROM "users" WHERE "users"."username" = $1...
                                             ^
:
  app/models/user.rb:19:in `find_by_credentials'
  app/controllers/api/session_controller.rb:4:in `create'

Started POST "/api/session" for ::1 at 2020-02-18 18:26:28 -0500
Processing by Api::SessionController#create as JSON
  Parameters: {"user"=>{"email"=>"1@2.com", "password"=>"[FILTERED]"}}
  [1m[36mUser Load (17.5ms)[0m  [1m[34mSELECT  "users".* FROM "users" WHERE "users"."email" = $1 LIMIT $2[0m  [["email", "1@2.com"], ["LIMIT", 1]]
  ↳ app/models/user.rb:19
  [1m[35m (0.2ms)[0m  [1m[35mBEGIN[0m
  ↳ app/models/user.rb:44
  [1m[36mUser Exists (0.6ms)[0m  [1m[34mSELECT  1 AS one FROM "users" WHERE "users"."email" = $1 AND "users"."id" != $2 LIMIT $3[0m  [["email", "1@2.com"], ["id", 3], ["LIMIT", 1]]
  ↳ app/models/user.rb:44
  [1m[36mUser Exists (0.7ms)[0m  [1m[34mSELECT  1 AS one FROM "users" WHERE "users"."session_token" = $1 AND "users"."id" != $2 LIMIT $3[0m  [["session_token", "_HSVDWzFsntDDalPql6KQA"], ["id", 3], ["LIMIT", 1]]
  ↳ app/models/user.rb:44
  [1m[36mUser Update (0.6ms)[0m  [1m[33mUPDATE "users" SET "session_token" = $1, "updated_at" = $2 WHERE "users"."id" = $3[0m  [["session_token", "_HSVDWzFsntDDalPql6KQA"], ["updated_at", "2020-02-18 23:26:29.321630"], ["id", 3]]
  ↳ app/models/user.rb:44
  [1m[35m (1.5ms)[0m  [1m[35mCOMMIT[0m
  ↳ app/models/user.rb:44
  Rendering api/users/show.json.jbuilder
  Rendered api/users/_user.json.jbuilder (0.3ms)
  Rendered api/users/show.json.jbuilder (1.2ms)
Completed 200 OK in 333ms (Views: 3.4ms | ActiveRecord: 27.2ms)


Started GET "/" for ::1 at 2020-02-18 18:27:12 -0500
Processing by StaticPagesController#root as HTML
  Rendering static_pages/root.html.erb within layouts/application
  Rendered static_pages/root.html.erb within layouts/application (0.3ms)
Completed 200 OK in 764ms (Views: 764.2ms | ActiveRecord: 0.0ms)


Started GET "/" for ::1 at 2020-02-18 18:27:40 -0500
Processing by StaticPagesController#root as HTML
  Rendering static_pages/root.html.erb within layouts/application
  Rendered static_pages/root.html.erb within layouts/application (0.3ms)
Completed 200 OK in 767ms (Views: 766.6ms | ActiveRecord: 0.0ms)


Started GET "/" for ::1 at 2020-02-18 18:28:02 -0500
Processing by StaticPagesController#root as HTML
  Rendering static_pages/root.html.erb within layouts/application
  Rendered static_pages/root.html.erb within layouts/application (0.5ms)
Completed 200 OK in 48ms (Views: 47.4ms | ActiveRecord: 0.0ms)


Started GET "/" for ::1 at 2020-02-18 18:29:46 -0500
Processing by StaticPagesController#root as HTML
  Rendering static_pages/root.html.erb within layouts/application
  Rendered static_pages/root.html.erb within layouts/application (0.4ms)
Completed 200 OK in 856ms (Views: 856.2ms | ActiveRecord: 0.0ms)


Started POST "/api/session" for ::1 at 2020-02-18 18:30:18 -0500
Processing by Api::SessionController#create as JSON
  Parameters: {"user"=>{"email"=>"1@2.com", "password"=>"[FILTERED]"}}
  [1m[36mUser Load (0.6ms)[0m  [1m[34mSELECT  "users".* FROM "users" WHERE "users"."email" = $1 LIMIT $2[0m  [["email", "1@2.com"], ["LIMIT", 1]]
  ↳ app/models/user.rb:19
  [1m[35m (0.2ms)[0m  [1m[35mBEGIN[0m
  ↳ app/models/user.rb:44
  [1m[36mUser Exists (0.5ms)[0m  [1m[34mSELECT  1 AS one FROM "users" WHERE "users"."email" = $1 AND "users"."id" != $2 LIMIT $3[0m  [["email", "1@2.com"], ["id", 3], ["LIMIT", 1]]
  ↳ app/models/user.rb:44
  [1m[36mUser Exists (0.4ms)[0m  [1m[34mSELECT  1 AS one FROM "users" WHERE "users"."session_token" = $1 AND "users"."id" != $2 LIMIT $3[0m  [["session_token", "R23hc22j9aH8JAWEhQuCFg"], ["id", 3], ["LIMIT", 1]]
  ↳ app/models/user.rb:44
  [1m[36mUser Update (0.4ms)[0m  [1m[33mUPDATE "users" SET "session_token" = $1, "updated_at" = $2 WHERE "users"."id" = $3[0m  [["session_token", "R23hc22j9aH8JAWEhQuCFg"], ["updated_at", "2020-02-18 23:30:18.846357"], ["id", 3]]
  ↳ app/models/user.rb:44
  [1m[35m (1.4ms)[0m  [1m[35mCOMMIT[0m
  ↳ app/models/user.rb:44
  Rendering api/users/show.json.jbuilder
  Rendered api/users/_user.json.jbuilder (0.3ms)
  Rendered api/users/show.json.jbuilder (1.2ms)
Completed 200 OK in 288ms (Views: 3.3ms | ActiveRecord: 3.5ms)


Started DELETE "/api/session" for ::1 at 2020-02-18 18:30:28 -0500
Processing by Api::SessionController#destroy as JSON
  [1m[36mUser Load (0.3ms)[0m  [1m[34mSELECT  "users".* FROM "users" WHERE "users"."session_token" = $1 LIMIT $2[0m  [["session_token", "R23hc22j9aH8JAWEhQuCFg"], ["LIMIT", 1]]
  ↳ app/controllers/application_controller.rb:10
  [1m[35m (0.1ms)[0m  [1m[35mBEGIN[0m
  ↳ app/models/user.rb:44
  [1m[36mUser Exists (0.3ms)[0m  [1m[34mSELECT  1 AS one FROM "users" WHERE "users"."email" = $1 AND "users"."id" != $2 LIMIT $3[0m  [["email", "1@2.com"], ["id", 3], ["LIMIT", 1]]
  ↳ app/models/user.rb:44
  [1m[36mUser Exists (0.3ms)[0m  [1m[34mSELECT  1 AS one FROM "users" WHERE "users"."session_token" = $1 AND "users"."id" != $2 LIMIT $3[0m  [["session_token", "wLafzVQi8hJcDihYhf3mNA"], ["id", 3], ["LIMIT", 1]]
  ↳ app/models/user.rb:44
  [1m[36mUser Update (0.3ms)[0m  [1m[33mUPDATE "users" SET "session_token" = $1, "updated_at" = $2 WHERE "users"."id" = $3[0m  [["session_token", "wLafzVQi8hJcDihYhf3mNA"], ["updated_at", "2020-02-18 23:30:28.369656"], ["id", 3]]
  ↳ app/models/user.rb:44
  [1m[35m (0.5ms)[0m  [1m[35mCOMMIT[0m
  ↳ app/models/user.rb:44
  Rendering api/users/show.json.jbuilder
  Rendered api/users/_user.json.jbuilder (0.3ms)
  Rendered api/users/show.json.jbuilder (1.3ms)
Completed 200 OK in 19ms (Views: 3.4ms | ActiveRecord: 1.8ms)


Started GET "/" for ::1 at 2020-02-18 18:30:50 -0500
Processing by StaticPagesController#root as HTML
  Rendering static_pages/root.html.erb within layouts/application
  Rendered static_pages/root.html.erb within layouts/application (0.3ms)
Completed 200 OK in 750ms (Views: 749.6ms | ActiveRecord: 0.0ms)


Started GET "/" for ::1 at 2020-02-18 18:31:07 -0500
Processing by StaticPagesController#root as HTML
  Rendering static_pages/root.html.erb within layouts/application
  Rendered static_pages/root.html.erb within layouts/application (0.3ms)
Completed 200 OK in 748ms (Views: 747.3ms | ActiveRecord: 0.0ms)


Started POST "/api/session" for ::1 at 2020-02-18 18:31:23 -0500
Processing by Api::SessionController#create as JSON
  Parameters: {"user"=>{"email"=>"1@2.com", "password"=>"[FILTERED]"}}
  [1m[36mUser Load (0.5ms)[0m  [1m[34mSELECT  "users".* FROM "users" WHERE "users"."email" = $1 LIMIT $2[0m  [["email", "1@2.com"], ["LIMIT", 1]]
  ↳ app/models/user.rb:19
  [1m[35m (0.2ms)[0m  [1m[35mBEGIN[0m
  ↳ app/models/user.rb:44
  [1m[36mUser Exists (0.4ms)[0m  [1m[34mSELECT  1 AS one FROM "users" WHERE "users"."email" = $1 AND "users"."id" != $2 LIMIT $3[0m  [["email", "1@2.com"], ["id", 3], ["LIMIT", 1]]
  ↳ app/models/user.rb:44
  [1m[36mUser Exists (0.4ms)[0m  [1m[34mSELECT  1 AS one FROM "users" WHERE "users"."session_token" = $1 AND "users"."id" != $2 LIMIT $3[0m  [["session_token", "q4ykd6DKSKVCK3fyxGMs8Q"], ["id", 3], ["LIMIT", 1]]
  ↳ app/models/user.rb:44
  [1m[36mUser Update (0.4ms)[0m  [1m[33mUPDATE "users" SET "session_token" = $1, "updated_at" = $2 WHERE "users"."id" = $3[0m  [["session_token", "q4ykd6DKSKVCK3fyxGMs8Q"], ["updated_at", "2020-02-18 23:31:23.797509"], ["id", 3]]
  ↳ app/models/user.rb:44
  [1m[35m (0.3ms)[0m  [1m[35mCOMMIT[0m
  ↳ app/models/user.rb:44
  Rendering api/users/show.json.jbuilder
  Rendered api/users/_user.json.jbuilder (0.3ms)
  Rendered api/users/show.json.jbuilder (1.2ms)
Completed 200 OK in 283ms (Views: 3.0ms | ActiveRecord: 2.2ms)


Started GET "/" for ::1 at 2020-02-18 18:39:00 -0500
Processing by StaticPagesController#root as HTML
  Rendering static_pages/root.html.erb within layouts/application
  Rendered static_pages/root.html.erb within layouts/application (0.5ms)
Completed 200 OK in 27ms (Views: 26.4ms | ActiveRecord: 0.0ms)


Started GET "/" for ::1 at 2020-02-18 18:39:57 -0500
Processing by StaticPagesController#root as HTML
  Rendering static_pages/root.html.erb within layouts/application
  [1m[36mUser Load (0.7ms)[0m  [1m[34mSELECT  "users".* FROM "users" WHERE "users"."session_token" = $1 LIMIT $2[0m  [["session_token", "q4ykd6DKSKVCK3fyxGMs8Q"], ["LIMIT", 1]]
  ↳ app/controllers/application_controller.rb:10
  Rendered api/users/_user.json.jbuilder (0.4ms)
  Rendered static_pages/root.html.erb within layouts/application (4.6ms)
Completed 200 OK in 32ms (Views: 30.4ms | ActiveRecord: 1.0ms)


Started DELETE "/api/session" for ::1 at 2020-02-18 18:40:01 -0500
Processing by Api::SessionController#destroy as JSON
  [1m[36mUser Load (0.8ms)[0m  [1m[34mSELECT  "users".* FROM "users" WHERE "users"."session_token" = $1 LIMIT $2[0m  [["session_token", "q4ykd6DKSKVCK3fyxGMs8Q"], ["LIMIT", 1]]
  ↳ app/controllers/application_controller.rb:10
  [1m[35m (0.2ms)[0m  [1m[35mBEGIN[0m
  ↳ app/models/user.rb:44
  [1m[36mUser Exists (0.6ms)[0m  [1m[34mSELECT  1 AS one FROM "users" WHERE "users"."email" = $1 AND "users"."id" != $2 LIMIT $3[0m  [["email", "1@2.com"], ["id", 3], ["LIMIT", 1]]
  ↳ app/models/user.rb:44
  [1m[36mUser Exists (0.3ms)[0m  [1m[34mSELECT  1 AS one FROM "users" WHERE "users"."session_token" = $1 AND "users"."id" != $2 LIMIT $3[0m  [["session_token", "pmC-e7-YPm1XW9Whp15A4Q"], ["id", 3], ["LIMIT", 1]]
  ↳ app/models/user.rb:44
  [1m[36mUser Update (0.5ms)[0m  [1m[33mUPDATE "users" SET "session_token" = $1, "updated_at" = $2 WHERE "users"."id" = $3[0m  [["session_token", "pmC-e7-YPm1XW9Whp15A4Q"], ["updated_at", "2020-02-18 23:40:01.512905"], ["id", 3]]
  ↳ app/models/user.rb:44
  [1m[35m (0.9ms)[0m  [1m[35mCOMMIT[0m
  ↳ app/models/user.rb:44
  Rendering api/users/show.json.jbuilder
  Rendered api/users/_user.json.jbuilder (0.4ms)
  Rendered api/users/show.json.jbuilder (1.9ms)
Completed 200 OK in 19ms (Views: 4.2ms | ActiveRecord: 3.3ms)


Started POST "/api/session" for ::1 at 2020-02-18 18:40:14 -0500
Processing by Api::SessionController#create as JSON
  Parameters: {"user"=>{"email"=>"1@2.com", "password"=>"[FILTERED]"}}
  [1m[36mUser Load (0.5ms)[0m  [1m[34mSELECT  "users".* FROM "users" WHERE "users"."email" = $1 LIMIT $2[0m  [["email", "1@2.com"], ["LIMIT", 1]]
  ↳ app/models/user.rb:19
  [1m[35m (0.2ms)[0m  [1m[35mBEGIN[0m
  ↳ app/models/user.rb:44
  [1m[36mUser Exists (0.6ms)[0m  [1m[34mSELECT  1 AS one FROM "users" WHERE "users"."email" = $1 AND "users"."id" != $2 LIMIT $3[0m  [["email", "1@2.com"], ["id", 3], ["LIMIT", 1]]
  ↳ app/models/user.rb:44
  [1m[36mUser Exists (0.4ms)[0m  [1m[34mSELECT  1 AS one FROM "users" WHERE "users"."session_token" = $1 AND "users"."id" != $2 LIMIT $3[0m  [["session_token", "Lw0DhusPbajHLROcfUrOZg"], ["id", 3], ["LIMIT", 1]]
  ↳ app/models/user.rb:44
  [1m[36mUser Update (0.5ms)[0m  [1m[33mUPDATE "users" SET "session_token" = $1, "updated_at" = $2 WHERE "users"."id" = $3[0m  [["session_token", "Lw0DhusPbajHLROcfUrOZg"], ["updated_at", "2020-02-18 23:40:14.465958"], ["id", 3]]
  ↳ app/models/user.rb:44
  [1m[35m (1.5ms)[0m  [1m[35mCOMMIT[0m
  ↳ app/models/user.rb:44
  Rendering api/users/show.json.jbuilder
  Rendered api/users/_user.json.jbuilder (0.3ms)
  Rendered api/users/show.json.jbuilder (1.2ms)
Completed 200 OK in 288ms (Views: 3.2ms | ActiveRecord: 3.7ms)


Started GET "/" for ::1 at 2020-02-18 18:40:16 -0500
Processing by StaticPagesController#root as HTML
  Rendering static_pages/root.html.erb within layouts/application
  [1m[36mUser Load (0.4ms)[0m  [1m[34mSELECT  "users".* FROM "users" WHERE "users"."session_token" = $1 LIMIT $2[0m  [["session_token", "Lw0DhusPbajHLROcfUrOZg"], ["LIMIT", 1]]
  ↳ app/controllers/application_controller.rb:10
  Rendered api/users/_user.json.jbuilder (0.4ms)
  Rendered static_pages/root.html.erb within layouts/application (3.1ms)
Completed 200 OK in 29ms (Views: 28.4ms | ActiveRecord: 0.4ms)


Started DELETE "/api/session" for ::1 at 2020-02-18 18:40:20 -0500
Processing by Api::SessionController#destroy as JSON
  [1m[36mUser Load (0.9ms)[0m  [1m[34mSELECT  "users".* FROM "users" WHERE "users"."session_token" = $1 LIMIT $2[0m  [["session_token", "Lw0DhusPbajHLROcfUrOZg"], ["LIMIT", 1]]
  ↳ app/controllers/application_controller.rb:10
  [1m[35m (0.2ms)[0m  [1m[35mBEGIN[0m
  ↳ app/models/user.rb:44
  [1m[36mUser Exists (0.5ms)[0m  [1m[34mSELECT  1 AS one FROM "users" WHERE "users"."email" = $1 AND "users"."id" != $2 LIMIT $3[0m  [["email", "1@2.com"], ["id", 3], ["LIMIT", 1]]
  ↳ app/models/user.rb:44
  [1m[36mUser Exists (2.0ms)[0m  [1m[34mSELECT  1 AS one FROM "users" WHERE "users"."session_token" = $1 AND "users"."id" != $2 LIMIT $3[0m  [["session_token", "7xssFT72BbS6zSIsn1BISw"], ["id", 3], ["LIMIT", 1]]
  ↳ app/models/user.rb:44
  [1m[36mUser Update (0.6ms)[0m  [1m[33mUPDATE "users" SET "session_token" = $1, "updated_at" = $2 WHERE "users"."id" = $3[0m  [["session_token", "7xssFT72BbS6zSIsn1BISw"], ["updated_at", "2020-02-18 23:40:20.489799"], ["id", 3]]
  ↳ app/models/user.rb:44
  [1m[35m (3.4ms)[0m  [1m[35mCOMMIT[0m
  ↳ app/models/user.rb:44
  Rendering api/users/show.json.jbuilder
  Rendered api/users/_user.json.jbuilder (0.3ms)
  Rendered api/users/show.json.jbuilder (2.5ms)
Completed 200 OK in 24ms (Views: 5.2ms | ActiveRecord: 7.6ms)


Started POST "/api/session" for ::1 at 2020-02-18 18:41:46 -0500
Processing by Api::SessionController#create as JSON
  Parameters: {"user"=>{"email"=>"1@2.com", "password"=>"[FILTERED]"}}
  [1m[36mUser Load (0.7ms)[0m  [1m[34mSELECT  "users".* FROM "users" WHERE "users"."email" = $1 LIMIT $2[0m  [["email", "1@2.com"], ["LIMIT", 1]]
  ↳ app/models/user.rb:19
  [1m[35m (0.3ms)[0m  [1m[35mBEGIN[0m
  ↳ app/models/user.rb:44
  [1m[36mUser Exists (0.5ms)[0m  [1m[34mSELECT  1 AS one FROM "users" WHERE "users"."email" = $1 AND "users"."id" != $2 LIMIT $3[0m  [["email", "1@2.com"], ["id", 3], ["LIMIT", 1]]
  ↳ app/models/user.rb:44
  [1m[36mUser Exists (0.3ms)[0m  [1m[34mSELECT  1 AS one FROM "users" WHERE "users"."session_token" = $1 AND "users"."id" != $2 LIMIT $3[0m  [["session_token", "0mVSjeWKYSQm_HlVGuuOrw"], ["id", 3], ["LIMIT", 1]]
  ↳ app/models/user.rb:44
  [1m[36mUser Update (0.4ms)[0m  [1m[33mUPDATE "users" SET "session_token" = $1, "updated_at" = $2 WHERE "users"."id" = $3[0m  [["session_token", "0mVSjeWKYSQm_HlVGuuOrw"], ["updated_at", "2020-02-18 23:41:47.044594"], ["id", 3]]
  ↳ app/models/user.rb:44
  [1m[35m (1.4ms)[0m  [1m[35mCOMMIT[0m
  ↳ app/models/user.rb:44
  Rendering api/users/show.json.jbuilder
  Rendered api/users/_user.json.jbuilder (0.2ms)
  Rendered api/users/show.json.jbuilder (1.1ms)
Completed 200 OK in 284ms (Views: 2.9ms | ActiveRecord: 3.5ms)


Started GET "/" for ::1 at 2020-02-18 18:41:51 -0500
Processing by StaticPagesController#root as HTML
  Rendering static_pages/root.html.erb within layouts/application
  [1m[36mUser Load (0.4ms)[0m  [1m[34mSELECT  "users".* FROM "users" WHERE "users"."session_token" = $1 LIMIT $2[0m  [["session_token", "0mVSjeWKYSQm_HlVGuuOrw"], ["LIMIT", 1]]
  ↳ app/controllers/application_controller.rb:10
  Rendered api/users/_user.json.jbuilder (0.5ms)
  Rendered static_pages/root.html.erb within layouts/application (3.6ms)
Completed 200 OK in 46ms (Views: 45.4ms | ActiveRecord: 0.4ms)


Started GET "/" for ::1 at 2020-02-20 09:12:56 -0500
Processing by StaticPagesController#root as HTML
  Rendering static_pages/root.html.erb within layouts/application
  [1m[36mUser Load (16.8ms)[0m  [1m[34mSELECT  "users".* FROM "users" WHERE "users"."session_token" = $1 LIMIT $2[0m  [["session_token", "0mVSjeWKYSQm_HlVGuuOrw"], ["LIMIT", 1]]
  ↳ app/controllers/application_controller.rb:10
  Rendered api/users/_user.json.jbuilder (5.2ms)
  Rendered static_pages/root.html.erb within layouts/application (72.3ms)
Completed 200 OK in 1077ms (Views: 1058.8ms | ActiveRecord: 17.1ms)


Started DELETE "/api/session" for ::1 at 2020-02-20 09:13:02 -0500
Processing by Api::SessionController#destroy as JSON
  [1m[36mUser Load (0.7ms)[0m  [1m[34mSELECT  "users".* FROM "users" WHERE "users"."session_token" = $1 LIMIT $2[0m  [["session_token", "0mVSjeWKYSQm_HlVGuuOrw"], ["LIMIT", 1]]
  ↳ app/controllers/application_controller.rb:10
  [1m[35m (0.7ms)[0m  [1m[35mBEGIN[0m
  ↳ app/models/user.rb:44
  [1m[36mUser Exists (0.8ms)[0m  [1m[34mSELECT  1 AS one FROM "users" WHERE "users"."email" = $1 AND "users"."id" != $2 LIMIT $3[0m  [["email", "1@2.com"], ["id", 3], ["LIMIT", 1]]
  ↳ app/models/user.rb:44
  [1m[36mUser Exists (0.3ms)[0m  [1m[34mSELECT  1 AS one FROM "users" WHERE "users"."session_token" = $1 AND "users"."id" != $2 LIMIT $3[0m  [["session_token", "LUMCvROC_rPt6CKs1IM3sg"], ["id", 3], ["LIMIT", 1]]
  ↳ app/models/user.rb:44
  [1m[36mUser Update (5.9ms)[0m  [1m[33mUPDATE "users" SET "session_token" = $1, "updated_at" = $2 WHERE "users"."id" = $3[0m  [["session_token", "LUMCvROC_rPt6CKs1IM3sg"], ["updated_at", "2020-02-20 14:13:02.104866"], ["id", 3]]
  ↳ app/models/user.rb:44
  [1m[35m (2.8ms)[0m  [1m[35mCOMMIT[0m
  ↳ app/models/user.rb:44
  Rendering api/users/show.json.jbuilder
  Rendered api/users/_user.json.jbuilder (0.5ms)
  Rendered api/users/show.json.jbuilder (1.9ms)
Completed 200 OK in 24ms (Views: 4.3ms | ActiveRecord: 11.2ms)


Started GET "/" for ::1 at 2020-02-20 09:15:56 -0500
Processing by StaticPagesController#root as HTML
  Rendering static_pages/root.html.erb within layouts/application
  Rendered static_pages/root.html.erb within layouts/application (0.7ms)
Completed 200 OK in 48ms (Views: 47.8ms | ActiveRecord: 0.0ms)


